c:\gamedev\_projects\network\sdlnet_project\sdlnet_project\debug\vc120.pdb
c:\gamedev\_projects\network\sdlnet_project\sdlnet_project\debug\vc120.idb
c:\gamedev\_projects\network\sdlnet_project\sdlnet_project\debug\assimpmodelloader.obj
c:\gamedev\_projects\network\sdlnet_project\sdlnet_project\debug\camera3d.obj
c:\gamedev\_projects\network\sdlnet_project\sdlnet_project\debug\inputmanager.obj
c:\gamedev\_projects\network\sdlnet_project\sdlnet_project\debug\main.obj
c:\gamedev\_projects\network\sdlnet_project\sdlnet_project\debug\mesh.obj
c:\gamedev\_projects\network\sdlnet_project\sdlnet_project\debug\servertcp.obj
c:\gamedev\_projects\network\sdlnet_project\sdlnet_project\debug\serverudp.obj
c:\gamedev\_projects\network\sdlnet_project\sdlnet_project\debug\shadernova.obj
c:\gamedev\_projects\network\sdlnet_project\sdlnet_project\debug\shape.obj
c:\gamedev\_projects\network\sdlnet_project\sdlnet_project\debug\texture.obj
c:\gamedev\_projects\network\sdlnet_project\sdlnet_project\debug\viewport.obj
c:\gamedev\_projects\network\sdlnet_project\sdlnet_project\debug\stb_image.obj
c:\gamedev\_projects\network\sdlnet_project\debug\sdlnet_project.ilk
c:\gamedev\_projects\network\sdlnet_project\debug\sdlnet_project.exe
c:\gamedev\_projects\network\sdlnet_project\debug\sdlnet_project.pdb
c:\gamedev\_projects\network\sdlnet_project\sdlnet_project\debug\sdlnet_project.tlog\cl.command.1.tlog
c:\gamedev\_projects\network\sdlnet_project\sdlnet_project\debug\sdlnet_project.tlog\cl.read.1.tlog
c:\gamedev\_projects\network\sdlnet_project\sdlnet_project\debug\sdlnet_project.tlog\cl.write.1.tlog
c:\gamedev\_projects\network\sdlnet_project\sdlnet_project\debug\sdlnet_project.tlog\link.command.1.tlog
c:\gamedev\_projects\network\sdlnet_project\sdlnet_project\debug\sdlnet_project.tlog\link.read.1.tlog
c:\gamedev\_projects\network\sdlnet_project\sdlnet_project\debug\sdlnet_project.tlog\link.write.1.tlog
